<?xml version="1.0" encoding="UTF-8"?>
<!-- Generated by org.testng.reporters.JUnitReportReporter -->
<testsuite hostname="LAPTOP-8MQ569F5" failures="0" tests="1" name="test.LoginTest" time="13.268" errors="0" timestamp="2022-10-06T00:52:09 CDT" skipped="0">
  <testcase classname="test.LoginTest" name="validUserShouldBeAbleToLogin" time="13.268"/>
  <system-out/>
</testsuite> <!-- test.LoginTest -->
