<?xml version="1.0" encoding="UTF-8"?>
<!-- Generated by org.testng.reporters.JUnitReportReporter -->
<testsuite hostname="LAPTOP-8MQ569F5" failures="0" tests="1" name="test.AddCustomerTest" time="17.730" errors="0" timestamp="2022-10-06T01:16:56 CDT" skipped="0">
  <testcase classname="test.AddCustomerTest" name="validUserShouldBeAbleToLogin" time="17.730"/>
  <system-out/>
</testsuite> <!-- test.AddCustomerTest -->
