<?xml version="1.0" encoding="UTF-8"?>
<!-- Generated by org.testng.reporters.JUnitReportReporter -->
<testsuite hostname="LAPTOP-8MQ569F5" failures="0" tests="1" name="test.LoginTest" time="3.904" errors="0" timestamp="04 Oct 2022 13:27:08 GMT" skipped="0">
  <testcase classname="test.LoginTest" name="validUserShouldBeAbleToLogin" time="3.904"/>
</testsuite> <!-- test.LoginTest -->
